<?xml version="1.0" encoding="UTF-8"?>
<!-- Generated by org.testng.reporters.JUnitReportReporter -->
<testsuite hostname="DESKTOP-IM32120" failures="1" tests="1" name="tests.Jsonschemavalidator" time="2.558" errors="0" timestamp="2026-09-18T13:06:15 IST" skipped="0">
  <testcase classname="tests.Jsonschemavalidator" name="testget" time="2.558">
    <failure message="1 expectation failed.
Response body doesn&#039;t match expectation.
Expected: The content to match the given JSON schema.
error: instance type (string) does not match any allowed primitive type (allowed: [&quot;integer&quot;])
    level: &quot;error&quot;
    schema: {&quot;loadingURI&quot;:&quot;file:/C:/Users/rajavignesh/eclipse-workspace/RESTAssuredAutomation/target/classes/schema.json#&quot;,&quot;pointer&quot;:&quot;/properties/data/items/0/properties/email&quot;}
    instance: {&quot;pointer&quot;:&quot;/data/0/email&quot;}
    domain: &quot;validation&quot;
    keyword: &quot;type&quot;
    found: &quot;string&quot;
    expected: [&quot;integer&quot;]

  Actual: {&quot;page&quot;:2,&quot;per_page&quot;:6,&quot;total&quot;:12,&quot;total_pages&quot;:2,&quot;data&quot;:[{&quot;id&quot;:7,&quot;email&quot;:&quot;michael.lawson@reqres.in&quot;,&quot;first_name&quot;:&quot;Michael&quot;,&quot;last_name&quot;:&quot;Lawson&quot;,&quot;avatar&quot;:&quot;https://reqres.in/img/faces/7-image.jpg&quot;},{&quot;id&quot;:8,&quot;email&quot;:&quot;lindsay.ferguson@reqres.in&quot;,&quot;first_name&quot;:&quot;Lindsay&quot;,&quot;last_name&quot;:&quot;Ferguson&quot;,&quot;avatar&quot;:&quot;https://reqres.in/img/faces/8-image.jpg&quot;},{&quot;id&quot;:9,&quot;email&quot;:&quot;tobias.funke@reqres.in&quot;,&quot;first_name&quot;:&quot;Tobias&quot;,&quot;last_name&quot;:&quot;Funke&quot;,&quot;avatar&quot;:&quot;https://reqres.in/img/faces/9-image.jpg&quot;},{&quot;id&quot;:10,&quot;email&quot;:&quot;byron.fields@reqres.in&quot;,&quot;first_name&quot;:&quot;Byron&quot;,&quot;last_name&quot;:&quot;Fields&quot;,&quot;avatar&quot;:&quot;https://reqres.in/img/faces/10-image.jpg&quot;},{&quot;id&quot;:11,&quot;email&quot;:&quot;george.edwards@reqres.in&quot;,&quot;first_name&quot;:&quot;George&quot;,&quot;last_name&quot;:&quot;Edwards&quot;,&quot;avatar&quot;:&quot;https://reqres.in/img/faces/11-image.jpg&quot;},{&quot;id&quot;:12,&quot;email&quot;:&quot;rachel.howell@reqres.in&quot;,&quot;first_name&quot;:&quot;Rachel&quot;,&quot;last_name&quot;:&quot;Howell&quot;,&quot;avatar&quot;:&quot;https://reqres.in/img/faces/12-image.jpg&quot;}],&quot;support&quot;:{&quot;url&quot;:&quot;https://benhowdle.im/first-cto-playbook?utm_source=reqres&amp;utm_medium=json&amp;utm_campaign=referral&quot;,&quot;text&quot;:&quot;Become a better CTO. A playbook of painful stories and practical advice from a two-time startup CTO.&quot;},&quot;_meta&quot;:{&quot;powered_by&quot;:&quot;ReqRes&quot;,&quot;docs_url&quot;:&quot;https://app.reqres.in/documentation&quot;,&quot;upgrade_url&quot;:&quot;https://app.reqres.in/upgrade&quot;,&quot;example_url&quot;:&quot;https://app.reqres.in/examples/notes-app&quot;,&quot;variant&quot;:&quot;v1_a&quot;,&quot;message&quot;:&quot;Your data persists here. Add auth, logs, and custom schemas to build a real backend.&quot;,&quot;cta&quot;:{&quot;label&quot;:&quot;See example app&quot;,&quot;url&quot;:&quot;https://app.reqres.in/examples/notes-app&quot;},&quot;context&quot;:&quot;legacy_success&quot;}}
" type="java.lang.AssertionError">
      <![CDATA[java.lang.AssertionError: 1 expectation failed.
Response body doesn't match expectation.
Expected: The content to match the given JSON schema.
error: instance type (string) does not match any allowed primitive type (allowed: ["integer"])
    level: "error"
    schema: {"loadingURI":"file:/C:/Users/rajavignesh/eclipse-workspace/RESTAssuredAutomation/target/classes/schema.json#","pointer":"/properties/data/items/0/properties/email"}
    instance: {"pointer":"/data/0/email"}
    domain: "validation"
    keyword: "type"
    found: "string"
    expected: ["integer"]

  Actual: {"page":2,"per_page":6,"total":12,"total_pages":2,"data":[{"id":7,"email":"michael.lawson@reqres.in","first_name":"Michael","last_name":"Lawson","avatar":"https://reqres.in/img/faces/7-image.jpg"},{"id":8,"email":"lindsay.ferguson@reqres.in","first_name":"Lindsay","last_name":"Ferguson","avatar":"https://reqres.in/img/faces/8-image.jpg"},{"id":9,"email":"tobias.funke@reqres.in","first_name":"Tobias","last_name":"Funke","avatar":"https://reqres.in/img/faces/9-image.jpg"},{"id":10,"email":"byron.fields@reqres.in","first_name":"Byron","last_name":"Fields","avatar":"https://reqres.in/img/faces/10-image.jpg"},{"id":11,"email":"george.edwards@reqres.in","first_name":"George","last_name":"Edwards","avatar":"https://reqres.in/img/faces/11-image.jpg"},{"id":12,"email":"rachel.howell@reqres.in","first_name":"Rachel","last_name":"Howell","avatar":"https://reqres.in/img/faces/12-image.jpg"}],"support":{"url":"https://benhowdle.im/first-cto-playbook?utm_source=reqres&utm_medium=json&utm_campaign=referral","text":"Become a better CTO. A playbook of painful stories and practical advice from a two-time startup CTO."},"_meta":{"powered_by":"ReqRes","docs_url":"https://app.reqres.in/documentation","upgrade_url":"https://app.reqres.in/upgrade","example_url":"https://app.reqres.in/examples/notes-app","variant":"v1_a","message":"Your data persists here. Add auth, logs, and custom schemas to build a real backend.","cta":{"label":"See example app","url":"https://app.reqres.in/examples/notes-app"},"context":"legacy_success"}}

at org.codehaus.groovy.vmplugin.v8.IndyInterface.fromCache(IndyInterface.java:344)
at io.restassured.internal.ResponseSpecificationImpl$HamcrestAssertionClosure.validate(ResponseSpecificationImpl.groovy:516)
at org.codehaus.groovy.vmplugin.v8.IndyInterface.fromCache(IndyInterface.java:344)
at io.restassured.internal.ResponseSpecificationImpl.validateResponseIfRequired(ResponseSpecificationImpl.groovy:714)
at org.codehaus.groovy.vmplugin.v8.IndyInterface.fromCache(IndyInterface.java:344)
at io.restassured.internal.ResponseSpecificationImpl.body(ResponseSpecificationImpl.groovy:111)
at io.restassured.internal.ValidatableResponseOptionsImpl.body(ValidatableResponseOptionsImpl.java:238)
at tests.Jsonschemavalidator.testget(Jsonschemavalidator.java:20)
at java.base/jdk.internal.reflect.DirectMethodHandleAccessor.invoke(DirectMethodHandleAccessor.java:103)
at java.base/java.lang.reflect.Method.invoke(Method.java:580)
at org.testng.internal.invokers.MethodInvocationHelper.invokeMethod(MethodInvocationHelper.java:141)
at org.testng.internal.invokers.TestInvoker.invokeMethod(TestInvoker.java:697)
at org.testng.internal.invokers.TestInvoker.invokeTestMethod(TestInvoker.java:230)
at org.testng.internal.invokers.MethodRunner.runInSequence(MethodRunner.java:63)
at org.testng.internal.invokers.TestInvoker$MethodInvocationAgent.invoke(TestInvoker.java:1005)
at org.testng.internal.invokers.TestInvoker.invokeTestMethods(TestInvoker.java:203)
at org.testng.internal.invokers.TestMethodWorker.invokeTestMethods(TestMethodWorker.java:154)
at org.testng.internal.invokers.TestMethodWorker.run(TestMethodWorker.java:134)
at java.base/java.util.ArrayList.forEach(ArrayList.java:1596)
at org.testng.TestRunner.privateRun(TestRunner.java:744)
at org.testng.TestRunner.run(TestRunner.java:616)
at org.testng.SuiteRunner.runTest(SuiteRunner.java:421)
at org.testng.SuiteRunner.runSequentially(SuiteRunner.java:413)
at org.testng.SuiteRunner.privateRun(SuiteRunner.java:373)
at org.testng.SuiteRunner.run(SuiteRunner.java:312)
at org.testng.SuiteRunnerWorker.runSuite(SuiteRunnerWorker.java:52)
at org.testng.SuiteRunnerWorker.run(SuiteRunnerWorker.java:95)
at org.testng.TestNG.runSuitesSequentially(TestNG.java:1274)
at org.testng.TestNG.runSuitesLocally(TestNG.java:1208)
at org.testng.TestNG.runSuites(TestNG.java:1112)
at org.testng.TestNG.run(TestNG.java:1079)
at org.testng.remote.AbstractRemoteTestNG.run(AbstractRemoteTestNG.java:115)
at org.testng.remote.RemoteTestNG.initAndRun(RemoteTestNG.java:293)
at org.testng.remote.RemoteTestNG.main(RemoteTestNG.java:91)
]]>
    </failure>
  </testcase> <!-- testget -->
</testsuite> <!-- tests.Jsonschemavalidator -->
