<?xml version="1.0" encoding="UTF-8"?>
<!-- Generated by org.testng.reporters.JUnitXMLReporter -->
<testsuite ignored="0" hostname="DESKTOP-IM32120" failures="1" tests="1" name="Default test" time="2.597" errors="0" timestamp="2026-09-18T13:06:15 IST">
  <testcase classname="tests.Jsonschemavalidator" name="testget" time="2.558">
    <failure type="java.lang.AssertionError" message="1 expectation failed.
Response body doesn&amp;apos;t match expectation.
Expected: The content to match the given JSON schema.
error: instance type (string) does not match any allowed primitive type (allowed: [&amp;quot;integer&amp;quot;])
    level: &amp;quot;error&amp;quot;
    schema: {&amp;quot;loadingURI&amp;quot;:&amp;quot;file:/C:/Users/rajavignesh/eclipse-workspace/RESTAssuredAutomation/target/classes/schema.json#&amp;quot;,&amp;quot;pointer&amp;quot;:&amp;quot;/properties/data/items/0/properties/email&amp;quot;}
    instance: {&amp;quot;pointer&amp;quot;:&amp;quot;/data/0/email&amp;quot;}
    domain: &amp;quot;validation&amp;quot;
    keyword: &amp;quot;type&amp;quot;
    found: &amp;quot;string&amp;quot;
    expected: [&amp;quot;integer&amp;quot;]

  Actual: {&amp;quot;page&amp;quot;:2,&amp;quot;per_page&amp;quot;:6,&amp;quot;total&amp;quot;:12,&amp;quot;total_pages&amp;quot;:2,&amp;quot;data&amp;quot;:[{&amp;quot;id&amp;quot;:7,&amp;quot;email&amp;quot;:&amp;quot;michael.lawson@reqres.in&amp;quot;,&amp;quot;first_name&amp;quot;:&amp;quot;Michael&amp;quot;,&amp;quot;last_name&amp;quot;:&amp;quot;Lawson&amp;quot;,&amp;quot;avatar&amp;quot;:&amp;quot;https://reqres.in/img/faces/7-image.jpg&amp;quot;},{&amp;quot;id&amp;quot;:8,&amp;quot;email&amp;quot;:&amp;quot;lindsay.ferguson@reqres.in&amp;quot;,&amp;quot;first_name&amp;quot;:&amp;quot;Lindsay&amp;quot;,&amp;quot;last_name&amp;quot;:&amp;quot;Ferguson&amp;quot;,&amp;quot;avatar&amp;quot;:&amp;quot;https://reqres.in/img/faces/8-image.jpg&amp;quot;},{&amp;quot;id&amp;quot;:9,&amp;quot;email&amp;quot;:&amp;quot;tobias.funke@reqres.in&amp;quot;,&amp;quot;first_name&amp;quot;:&amp;quot;Tobias&amp;quot;,&amp;quot;last_name&amp;quot;:&amp;quot;Funke&amp;quot;,&amp;quot;avatar&amp;quot;:&amp;quot;https://reqres.in/img/faces/9-image.jpg&amp;quot;},{&amp;quot;id&amp;quot;:10,&amp;quot;email&amp;quot;:&amp;quot;byron.fields@reqres.in&amp;quot;,&amp;quot;first_name&amp;quot;:&amp;quot;Byron&amp;quot;,&amp;quot;last_name&amp;quot;:&amp;quot;Fields&amp;quot;,&amp;quot;avatar&amp;quot;:&amp;quot;https://reqres.in/img/faces/10-image.jpg&amp;quot;},{&amp;quot;id&amp;quot;:11,&amp;quot;email&amp;quot;:&amp;quot;george.edwards@reqres.in&amp;quot;,&amp;quot;first_name&amp;quot;:&amp;quot;George&amp;quot;,&amp;quot;last_name&amp;quot;:&amp;quot;Edwards&amp;quot;,&amp;quot;avatar&amp;quot;:&amp;quot;https://reqres.in/img/faces/11-image.jpg&amp;quot;},{&amp;quot;id&amp;quot;:12,&amp;quot;email&amp;quot;:&amp;quot;rachel.howell@reqres.in&amp;quot;,&amp;quot;first_name&amp;quot;:&amp;quot;Rachel&amp;quot;,&amp;quot;last_name&amp;quot;:&amp;quot;Howell&amp;quot;,&amp;quot;avatar&amp;quot;:&amp;quot;https://reqres.in/img/faces/12-image.jpg&amp;quot;}],&amp;quot;support&amp;quot;:{&amp;quot;url&amp;quot;:&amp;quot;https://benhowdle.im/first-cto-playbook?utm_source=reqres&amp;amp;utm_medium=json&amp;amp;utm_campaign=referral&amp;quot;,&amp;quot;text&amp;quot;:&amp;quot;Become a better CTO. A playbook of painful stories and practical advice from a two-time startup CTO.&amp;quot;},&amp;quot;_meta&amp;quot;:{&amp;quot;powered_by&amp;quot;:&amp;quot;ReqRes&amp;quot;,&amp;quot;docs_url&amp;quot;:&amp;quot;https://app.reqres.in/documentation&amp;quot;,&amp;quot;upgrade_url&amp;quot;:&amp;quot;https://app.reqres.in/upgrade&amp;quot;,&amp;quot;example_url&amp;quot;:&amp;quot;https://app.reqres.in/examples/notes-app&amp;quot;,&amp;quot;variant&amp;quot;:&amp;quot;v1_a&amp;quot;,&amp;quot;message&amp;quot;:&amp;quot;Your data persists here. Add auth, logs, and custom schemas to build a real backend.&amp;quot;,&amp;quot;cta&amp;quot;:{&amp;quot;label&amp;quot;:&amp;quot;See example app&amp;quot;,&amp;quot;url&amp;quot;:&amp;quot;https://app.reqres.in/examples/notes-app&amp;quot;},&amp;quot;context&amp;quot;:&amp;quot;legacy_success&amp;quot;}}
">
      <![CDATA[java.lang.AssertionError: 1 expectation failed.
Response body doesn't match expectation.
Expected: The content to match the given JSON schema.
error: instance type (string) does not match any allowed primitive type (allowed: ["integer"])
    level: "error"
    schema: {"loadingURI":"file:/C:/Users/rajavignesh/eclipse-workspace/RESTAssuredAutomation/target/classes/schema.json#","pointer":"/properties/data/items/0/properties/email"}
    instance: {"pointer":"/data/0/email"}
    domain: "validation"
    keyword: "type"
    found: "string"
    expected: ["integer"]

  Actual: {"page":2,"per_page":6,"total":12,"total_pages":2,"data":[{"id":7,"email":"michael.lawson@reqres.in","first_name":"Michael","last_name":"Lawson","avatar":"https://reqres.in/img/faces/7-image.jpg"},{"id":8,"email":"lindsay.ferguson@reqres.in","first_name":"Lindsay","last_name":"Ferguson","avatar":"https://reqres.in/img/faces/8-image.jpg"},{"id":9,"email":"tobias.funke@reqres.in","first_name":"Tobias","last_name":"Funke","avatar":"https://reqres.in/img/faces/9-image.jpg"},{"id":10,"email":"byron.fields@reqres.in","first_name":"Byron","last_name":"Fields","avatar":"https://reqres.in/img/faces/10-image.jpg"},{"id":11,"email":"george.edwards@reqres.in","first_name":"George","last_name":"Edwards","avatar":"https://reqres.in/img/faces/11-image.jpg"},{"id":12,"email":"rachel.howell@reqres.in","first_name":"Rachel","last_name":"Howell","avatar":"https://reqres.in/img/faces/12-image.jpg"}],"support":{"url":"https://benhowdle.im/first-cto-playbook?utm_source=reqres&utm_medium=json&utm_campaign=referral","text":"Become a better CTO. A playbook of painful stories and practical advice from a two-time startup CTO."},"_meta":{"powered_by":"ReqRes","docs_url":"https://app.reqres.in/documentation","upgrade_url":"https://app.reqres.in/upgrade","example_url":"https://app.reqres.in/examples/notes-app","variant":"v1_a","message":"Your data persists here. Add auth, logs, and custom schemas to build a real backend.","cta":{"label":"See example app","url":"https://app.reqres.in/examples/notes-app"},"context":"legacy_success"}}

at org.codehaus.groovy.vmplugin.v8.IndyInterface.fromCache(IndyInterface.java:344)
at io.restassured.internal.ResponseSpecificationImpl$HamcrestAssertionClosure.validate(ResponseSpecificationImpl.groovy:516)
at org.codehaus.groovy.vmplugin.v8.IndyInterface.fromCache(IndyInterface.java:344)
at io.restassured.internal.ResponseSpecificationImpl.validateResponseIfRequired(ResponseSpecificationImpl.groovy:714)
at org.codehaus.groovy.vmplugin.v8.IndyInterface.fromCache(IndyInterface.java:344)
at io.restassured.internal.ResponseSpecificationImpl.body(ResponseSpecificationImpl.groovy:111)
at io.restassured.internal.ValidatableResponseOptionsImpl.body(ValidatableResponseOptionsImpl.java:238)
at tests.Jsonschemavalidator.testget(Jsonschemavalidator.java:20)
at java.base/jdk.internal.reflect.DirectMethodHandleAccessor.invoke(DirectMethodHandleAccessor.java:103)
at java.base/java.lang.reflect.Method.invoke(Method.java:580)
at org.testng.internal.invokers.MethodInvocationHelper.invokeMethod(MethodInvocationHelper.java:141)
at org.testng.internal.invokers.TestInvoker.invokeMethod(TestInvoker.java:697)
at org.testng.internal.invokers.TestInvoker.invokeTestMethod(TestInvoker.java:230)
at org.testng.internal.invokers.MethodRunner.runInSequence(MethodRunner.java:63)
at org.testng.internal.invokers.TestInvoker$MethodInvocationAgent.invoke(TestInvoker.java:1005)
at org.testng.internal.invokers.TestInvoker.invokeTestMethods(TestInvoker.java:203)
at org.testng.internal.invokers.TestMethodWorker.invokeTestMethods(TestMethodWorker.java:154)
at org.testng.internal.invokers.TestMethodWorker.run(TestMethodWorker.java:134)
at java.base/java.util.ArrayList.forEach(ArrayList.java:1596)
at org.testng.TestRunner.privateRun(TestRunner.java:744)
at org.testng.TestRunner.run(TestRunner.java:616)
at org.testng.SuiteRunner.runTest(SuiteRunner.java:421)
at org.testng.SuiteRunner.runSequentially(SuiteRunner.java:413)
at org.testng.SuiteRunner.privateRun(SuiteRunner.java:373)
at org.testng.SuiteRunner.run(SuiteRunner.java:312)
at org.testng.SuiteRunnerWorker.runSuite(SuiteRunnerWorker.java:52)
at org.testng.SuiteRunnerWorker.run(SuiteRunnerWorker.java:95)
at org.testng.TestNG.runSuitesSequentially(TestNG.java:1274)
at org.testng.TestNG.runSuitesLocally(TestNG.java:1208)
at org.testng.TestNG.runSuites(TestNG.java:1112)
at org.testng.TestNG.run(TestNG.java:1079)
at org.testng.remote.AbstractRemoteTestNG.run(AbstractRemoteTestNG.java:115)
at org.testng.remote.RemoteTestNG.initAndRun(RemoteTestNG.java:293)
at org.testng.remote.RemoteTestNG.main(RemoteTestNG.java:91)
]]>
    </failure>
  </testcase> <!-- testget -->
</testsuite> <!-- Default test -->
